2015-02-28 22:53:03.307025 EST - opendirectoryd (build 339.102.1) launched...
2015-02-28 22:53:03.308242 EST - Logging level limit changed to 'error'
2015-02-28 22:53:03.318659 EST - Initialize trigger support
2015-02-28 22:53:03.323731 EST - Loaded bundle at path '/System/Library/OpenDirectory/Modules/SystemCache.bundle'
2015-02-28 22:53:03.336749 EST - Registered node with name '/Active Directory' as hidden
2015-02-28 22:53:03.337062 EST - Registered node with name '/Configure' as hidden
2015-02-28 22:53:03.337321 EST - Discovered configuration for node name '/Contacts' at path '/Library/Preferences/OpenDirectory/Configurations//Contacts.plist'
2015-02-28 22:53:03.337327 EST - Registered node with name '/Contacts'
2015-02-28 22:53:03.337663 EST - Registered node with name '/LDAPv3' as hidden
2015-02-28 22:53:03.339536 EST - Registered node with name '/Local' as hidden
2015-02-28 22:53:03.340650 EST - Registered node with name '/NIS' as hidden
2015-02-28 22:53:03.341114 EST - Discovered configuration for node name '/Search' at path '/Library/Preferences/OpenDirectory/Configurations//Search.plist'
2015-02-28 22:53:03.341175 EST - Registered node with name '/Search'
2015-02-28 22:53:03.343272 EST - Loaded bundle at path '/System/Library/OpenDirectory/Modules/legacy.bundle'
2015-02-28 22:53:03.346855 EST - Loaded bundle at path '/System/Library/OpenDirectory/Modules/search.bundle'
2015-02-28 22:53:03.349722 EST - '/Search' has registered, loading additional services
2015-02-28 22:53:03.349731 EST - Initialize augmentation support
2015-02-28 22:53:03.352624 EST - Successfully registered for Kernel identity service requests
2015-02-28 22:53:03.352639 EST - Adjusting kernel ID cache (100 -> 250) and membership cache (100 -> 500)
2015-02-28 22:53:03.563823 EST - Loaded bundle at path '/System/Library/OpenDirectory/Modules/PlistFile.bundle'
2015-02-28 22:53:03.566073 EST - Loaded bundle at path '/System/Library/OpenDirectory/Modules/FDESupport.bundle'
2015-02-28 22:53:03.570220 EST - Loaded bundle at path '/System/Library/OpenDirectory/Modules/AppleID.bundle'
2015-02-28 22:53:03.584319 EST - Loaded bundle at path '/System/Library/OpenDirectory/Modules/ConfigurationProfiles.bundle'
2015-02-28 22:53:03.585103 EST - Registered subnode with name '/Local/Default'
2015-02-28 22:53:07.229267 EST - Loaded bundle at path '/System/Library/OpenDirectory/Modules/ldap.bundle'
2015-03-05 11:14:05.480309 EST - Logging level limit changed to 'debug'
2015-03-05 11:14:15.319978 EST - Logging level limit changed to 'error'
